# JRE version: Java(TM) SE Runtime Environment (8.0_171-b11) (build 1.8.0_171-b11)
# Java VM: Java HotSpot(TM) 64-Bit Server VM (25.171-b11 mixed mode linux-amd64 compressed oops)
Heap:
 PSYoungGen      total 17920K, used 13905K [0x00000000ec100000, 0x00000000ed500000, 0x0000000100000000)
  eden space 15360K, 90% used [0x00000000ec100000,0x00000000ece94450,0x00000000ed000000)
  from space 2560K, 0% used [0x00000000ed280000,0x00000000ed280000,0x00000000ed500000)
  to   space 2560K, 0% used [0x00000000ed000000,0x00000000ed000000,0x00000000ed280000)
 ParOldGen       total 28160K, used 8285K [0x00000000c4200000, 0x00000000c5d80000, 0x00000000ec100000)
  object space 28160K, 29% used [0x00000000c4200000,0x00000000c4a17788,0x00000000c5d80000)
 Metaspace       used 21845K, capacity 23352K, committed 23552K, reserved 1069056K
  class space    used 3012K, capacity 3327K, committed 3328K, reserved 1048576K
GC Heap History (10 events):
Event: 2,657 GC heap before
{Heap before GC invocations=1 (full 0):
 PSYoungGen      total 17920K, used 15360K [0x00000000ec100000, 0x00000000ed500000, 0x0000000100000000)
  eden space 15360K, 100% used [0x00000000ec100000,0x00000000ed000000,0x00000000ed000000)
  from space 2560K, 0% used [0x00000000ed280000,0x00000000ed280000,0x00000000ed500000)
  to   space 2560K, 0% used [0x00000000ed000000,0x00000000ed000000,0x00000000ed280000)
 ParOldGen       total 40960K, used 0K [0x00000000c4200000, 0x00000000c6a00000, 0x00000000ec100000)
  object space 40960K, 0% used [0x00000000c4200000,0x00000000c4200000,0x00000000c6a00000)
 Metaspace       used 9470K, capacity 9832K, committed 10112K, reserved 1058816K
  class space    used 1183K, capacity 1308K, committed 1408K, reserved 1048576K
Event: 2,669 GC heap after
Heap after GC invocations=1 (full 0):
 PSYoungGen      total 17920K, used 2528K [0x00000000ec100000, 0x00000000ed500000, 0x0000000100000000)
  eden space 15360K, 0% used [0x00000000ec100000,0x00000000ec100000,0x00000000ed000000)
  from space 2560K, 98% used [0x00000000ed000000,0x00000000ed278050,0x00000000ed280000)
  to   space 2560K, 0% used [0x00000000ed280000,0x00000000ed280000,0x00000000ed500000)
 ParOldGen       total 40960K, used 255K [0x00000000c4200000, 0x00000000c6a00000, 0x00000000ec100000)
  object space 40960K, 0% used [0x00000000c4200000,0x00000000c423fc00,0x00000000c6a00000)
 Metaspace       used 9470K, capacity 9832K, committed 10112K, reserved 1058816K
  class space    used 1183K, capacity 1308K, committed 1408K, reserved 1048576K
}
Event: 5,196 GC heap before
{Heap before GC invocations=2 (full 0):
 PSYoungGen      total 17920K, used 16867K [0x00000000ec100000, 0x00000000ed500000, 0x0000000100000000)
  eden space 15360K, 93% used [0x00000000ec100000,0x00000000ecf00e80,0x00000000ed000000)
  from space 2560K, 98% used [0x00000000ed000000,0x00000000ed278050,0x00000000ed280000)
  to   space 2560K, 0% used [0x00000000ed280000,0x00000000ed280000,0x00000000ed500000)
 ParOldGen       total 40960K, used 255K [0x00000000c4200000, 0x00000000c6a00000, 0x00000000ec100000)
  object space 40960K, 0% used [0x00000000c4200000,0x00000000c423fc00,0x00000000c6a00000)
 Metaspace       used 15488K, capacity 16160K, committed 16256K, reserved 1062912K
  class space    used 2226K, capacity 2402K, committed 2432K, reserved 1048576K
Event: 5,232 GC heap after
Heap after GC invocations=2 (full 0):
 PSYoungGen      total 17920K, used 2528K [0x00000000ec100000, 0x00000000ed500000, 0x0000000100000000)
  eden space 15360K, 0% used [0x00000000ec100000,0x00000000ec100000,0x00000000ed000000)
  from space 2560K, 98% used [0x00000000ed280000,0x00000000ed4f8020,0x00000000ed500000)
  to   space 2560K, 0% used [0x00000000ed000000,0x00000000ed000000,0x00000000ed280000)
 ParOldGen       total 40960K, used 2433K [0x00000000c4200000, 0x00000000c6a00000, 0x00000000ec100000)
  object space 40960K, 5% used [0x00000000c4200000,0x00000000c4460598,0x00000000c6a00000)
 Metaspace       used 15488K, capacity 16160K, committed 16256K, reserved 1062912K
  class space    used 2226K, capacity 2402K, committed 2432K, reserved 1048576K
}
Event: 47,845 GC heap before
{Heap before GC invocations=3 (full 0):
 PSYoungGen      total 17920K, used 17888K [0x00000000ec100000, 0x00000000ed500000, 0x0000000100000000)
  eden space 15360K, 100% used [0x00000000ec100000,0x00000000ed000000,0x00000000ed000000)
  from space 2560K, 98% used [0x00000000ed280000,0x00000000ed4f8020,0x00000000ed500000)
  to   space 2560K, 0% used [0x00000000ed000000,0x00000000ed000000,0x00000000ed280000)
 ParOldGen       total 40960K, used 2433K [0x00000000c4200000, 0x00000000c6a00000, 0x00000000ec100000)
  object space 40960K, 5% used [0x00000000c4200000,0x00000000c4460598,0x00000000c6a00000)
 Metaspace       used 19247K, capacity 20170K, committed 20352K, reserved 1067008K
  class space    used 2664K, capacity 2914K, committed 2944K, reserved 1048576K
Event: 47,872 GC heap after
Heap after GC invocations=3 (full 0):
 PSYoungGen      total 17920K, used 2528K [0x00000000ec100000, 0x00000000ed500000, 0x0000000100000000)
  eden space 15360K, 0% used [0x00000000ec100000,0x00000000ec100000,0x00000000ed000000)
  from space 2560K, 98% used [0x00000000ed000000,0x00000000ed278040,0x00000000ed280000)
  to   space 2560K, 0% used [0x00000000ed280000,0x00000000ed280000,0x00000000ed500000)
 ParOldGen       total 40960K, used 6121K [0x00000000c4200000, 0x00000000c6a00000, 0x00000000ec100000)
  object space 40960K, 14% used [0x00000000c4200000,0x00000000c47fa5b8,0x00000000c6a00000)
 Metaspace       used 19247K, capacity 20170K, committed 20352K, reserved 1067008K
  class space    used 2664K, capacity 2914K, committed 2944K, reserved 1048576K
}
Event: 63,745 GC heap before
{Heap before GC invocations=4 (full 0):
 PSYoungGen      total 17920K, used 8003K [0x00000000ec100000, 0x00000000ed500000, 0x0000000100000000)
  eden space 15360K, 35% used [0x00000000ec100000,0x00000000ec658ee8,0x00000000ed000000)
  from space 2560K, 98% used [0x00000000ed000000,0x00000000ed278040,0x00000000ed280000)
  to   space 2560K, 0% used [0x00000000ed280000,0x00000000ed280000,0x00000000ed500000)
 ParOldGen       total 40960K, used 6121K [0x00000000c4200000, 0x00000000c6a00000, 0x00000000ec100000)
  object space 40960K, 14% used [0x00000000c4200000,0x00000000c47fa5b8,0x00000000c6a00000)
 Metaspace       used 20083K, capacity 21140K, committed 21248K, reserved 1067008K
  class space    used 2760K, capacity 3023K, committed 3072K, reserved 1048576K
Event: 63,765 GC heap after
Heap after GC invocations=4 (full 0):
 PSYoungGen      total 17920K, used 2556K [0x00000000ec100000, 0x00000000ed500000, 0x0000000100000000)
  eden space 15360K, 0% used [0x00000000ec100000,0x00000000ec100000,0x00000000ed000000)
  from space 2560K, 99% used [0x00000000ed280000,0x00000000ed4ff048,0x00000000ed500000)
  to   space 2560K, 0% used [0x00000000ed000000,0x00000000ed000000,0x00000000ed280000)
 ParOldGen       total 40960K, used 6962K [0x00000000c4200000, 0x00000000c6a00000, 0x00000000ec100000)
  object space 40960K, 16% used [0x00000000c4200000,0x00000000c48ccb68,0x00000000c6a00000)
 Metaspace       used 20083K, capacity 21140K, committed 21248K, reserved 1067008K
  class space    used 2760K, capacity 3023K, committed 3072K, reserved 1048576K
}
Event: 63,765 GC heap before
{Heap before GC invocations=5 (full 1):
 PSYoungGen      total 17920K, used 2556K [0x00000000ec100000, 0x00000000ed500000, 0x0000000100000000)
  eden space 15360K, 0% used [0x00000000ec100000,0x00000000ec100000,0x00000000ed000000)
  from space 2560K, 99% used [0x00000000ed280000,0x00000000ed4ff048,0x00000000ed500000)
  to   space 2560K, 0% used [0x00000000ed000000,0x00000000ed000000,0x00000000ed280000)
 ParOldGen       total 40960K, used 6962K [0x00000000c4200000, 0x00000000c6a00000, 0x00000000ec100000)
  object space 40960K, 16% used [0x00000000c4200000,0x00000000c48ccb68,0x00000000c6a00000)
 Metaspace       used 20083K, capacity 21140K, committed 21248K, reserved 1067008K
  class space    used 2760K, capacity 3023K, committed 3072K, reserved 1048576K
Event: 63,925 GC heap after
Heap after GC invocations=5 (full 1):
 PSYoungGen      total 17920K, used 0K [0x00000000ec100000, 0x00000000ed500000, 0x0000000100000000)
  eden space 15360K, 0% used [0x00000000ec100000,0x00000000ec100000,0x00000000ed000000)
  from space 2560K, 0% used [0x00000000ed280000,0x00000000ed280000,0x00000000ed500000)
  to   space 2560K, 0% used [0x00000000ed000000,0x00000000ed000000,0x00000000ed280000)
 ParOldGen       total 28160K, used 8285K [0x00000000c4200000, 0x00000000c5d80000, 0x00000000ec100000)
  object space 28160K, 29% used [0x00000000c4200000,0x00000000c4a17788,0x00000000c5d80000)
 Metaspace       used 20083K, capacity 21140K, committed 21248K, reserved 1067008K
  class space    used 2760K, capacity 3023K, committed 3072K, reserved 1048576K
}

