# JRE version: Java(TM) SE Runtime Environment (8.0_171-b11) (build 1.8.0_171-b11)
# Java VM: Java HotSpot(TM) 64-Bit Server VM (25.171-b11 mixed mode linux-amd64 compressed oops)
Heap:
 PSYoungGen      total 17920K, used 12066K [0x00000000ec100000, 0x00000000ed500000, 0x0000000100000000)
  eden space 15360K, 78% used [0x00000000ec100000,0x00000000eccc8a90,0x00000000ed000000)
  from space 2560K, 0% used [0x00000000ed280000,0x00000000ed280000,0x00000000ed500000)
  to   space 2560K, 0% used [0x00000000ed000000,0x00000000ed000000,0x00000000ed280000)
 ParOldGen       total 39424K, used 9185K [0x00000000c4200000, 0x00000000c6880000, 0x00000000ec100000)
  object space 39424K, 23% used [0x00000000c4200000,0x00000000c4af8748,0x00000000c6880000)
 Metaspace       used 21469K, capacity 22874K, committed 23088K, reserved 1069056K
  class space    used 3009K, capacity 3304K, committed 3376K, reserved 1048576K
GC Heap History (10 events):
Event: 1,975 GC heap before
{Heap before GC invocations=1 (full 0):
 PSYoungGen      total 17920K, used 15360K [0x00000000ec100000, 0x00000000ed500000, 0x0000000100000000)
  eden space 15360K, 100% used [0x00000000ec100000,0x00000000ed000000,0x00000000ed000000)
  from space 2560K, 0% used [0x00000000ed280000,0x00000000ed280000,0x00000000ed500000)
  to   space 2560K, 0% used [0x00000000ed000000,0x00000000ed000000,0x00000000ed280000)
 ParOldGen       total 40960K, used 0K [0x00000000c4200000, 0x00000000c6a00000, 0x00000000ec100000)
  object space 40960K, 0% used [0x00000000c4200000,0x00000000c4200000,0x00000000c6a00000)
 Metaspace       used 9436K, capacity 9820K, committed 10112K, reserved 1058816K
  class space    used 1177K, capacity 1306K, committed 1408K, reserved 1048576K
Event: 1,987 GC heap after
Heap after GC invocations=1 (full 0):
 PSYoungGen      total 17920K, used 2528K [0x00000000ec100000, 0x00000000ed500000, 0x0000000100000000)
  eden space 15360K, 0% used [0x00000000ec100000,0x00000000ec100000,0x00000000ed000000)
  from space 2560K, 98% used [0x00000000ed000000,0x00000000ed278050,0x00000000ed280000)
  to   space 2560K, 0% used [0x00000000ed280000,0x00000000ed280000,0x00000000ed500000)
 ParOldGen       total 40960K, used 276K [0x00000000c4200000, 0x00000000c6a00000, 0x00000000ec100000)
  object space 40960K, 0% used [0x00000000c4200000,0x00000000c4245008,0x00000000c6a00000)
 Metaspace       used 9436K, capacity 9820K, committed 10112K, reserved 1058816K
  class space    used 1177K, capacity 1306K, committed 1408K, reserved 1048576K
}
Event: 3,818 GC heap before
{Heap before GC invocations=2 (full 0):
 PSYoungGen      total 17920K, used 16934K [0x00000000ec100000, 0x00000000ed500000, 0x0000000100000000)
  eden space 15360K, 93% used [0x00000000ec100000,0x00000000ecf11900,0x00000000ed000000)
  from space 2560K, 98% used [0x00000000ed000000,0x00000000ed278050,0x00000000ed280000)
  to   space 2560K, 0% used [0x00000000ed280000,0x00000000ed280000,0x00000000ed500000)
 ParOldGen       total 40960K, used 276K [0x00000000c4200000, 0x00000000c6a00000, 0x00000000ec100000)
  object space 40960K, 0% used [0x00000000c4200000,0x00000000c4245008,0x00000000c6a00000)
 Metaspace       used 15486K, capacity 16154K, committed 16256K, reserved 1062912K
  class space    used 2229K, capacity 2403K, committed 2432K, reserved 1048576K
Event: 3,835 GC heap after
Heap after GC invocations=2 (full 0):
 PSYoungGen      total 17920K, used 2545K [0x00000000ec100000, 0x00000000ed500000, 0x0000000100000000)
  eden space 15360K, 0% used [0x00000000ec100000,0x00000000ec100000,0x00000000ed000000)
  from space 2560K, 99% used [0x00000000ed280000,0x00000000ed4fc6d8,0x00000000ed500000)
  to   space 2560K, 0% used [0x00000000ed000000,0x00000000ed000000,0x00000000ed280000)
 ParOldGen       total 40960K, used 2454K [0x00000000c4200000, 0x00000000c6a00000, 0x00000000ec100000)
  object space 40960K, 5% used [0x00000000c4200000,0x00000000c44659e0,0x00000000c6a00000)
 Metaspace       used 15486K, capacity 16154K, committed 16256K, reserved 1062912K
  class space    used 2229K, capacity 2403K, committed 2432K, reserved 1048576K
}
Event: 10,681 GC heap before
{Heap before GC invocations=3 (full 0):
 PSYoungGen      total 17920K, used 17905K [0x00000000ec100000, 0x00000000ed500000, 0x0000000100000000)
  eden space 15360K, 100% used [0x00000000ec100000,0x00000000ed000000,0x00000000ed000000)
  from space 2560K, 99% used [0x00000000ed280000,0x00000000ed4fc6d8,0x00000000ed500000)
  to   space 2560K, 0% used [0x00000000ed000000,0x00000000ed000000,0x00000000ed280000)
 ParOldGen       total 40960K, used 2454K [0x00000000c4200000, 0x00000000c6a00000, 0x00000000ec100000)
  object space 40960K, 5% used [0x00000000c4200000,0x00000000c44659e0,0x00000000c6a00000)
 Metaspace       used 18705K, capacity 19816K, committed 19968K, reserved 1067008K
  class space    used 2694K, capacity 2955K, committed 3072K, reserved 1048576K
Event: 10,709 GC heap after
Heap after GC invocations=3 (full 0):
 PSYoungGen      total 17920K, used 2528K [0x00000000ec100000, 0x00000000ed500000, 0x0000000100000000)
  eden space 15360K, 0% used [0x00000000ec100000,0x00000000ec100000,0x00000000ed000000)
  from space 2560K, 98% used [0x00000000ed000000,0x00000000ed278030,0x00000000ed280000)
  to   space 2560K, 0% used [0x00000000ed280000,0x00000000ed280000,0x00000000ed500000)
 ParOldGen       total 40960K, used 6639K [0x00000000c4200000, 0x00000000c6a00000, 0x00000000ec100000)
  object space 40960K, 16% used [0x00000000c4200000,0x00000000c487bc58,0x00000000c6a00000)
 Metaspace       used 18705K, capacity 19816K, committed 19968K, reserved 1067008K
  class space    used 2694K, capacity 2955K, committed 3072K, reserved 1048576K
}
Event: 17,578 GC heap before
{Heap before GC invocations=4 (full 0):
 PSYoungGen      total 17920K, used 6583K [0x00000000ec100000, 0x00000000ed500000, 0x0000000100000000)
  eden space 15360K, 26% used [0x00000000ec100000,0x00000000ec4f5f48,0x00000000ed000000)
  from space 2560K, 98% used [0x00000000ed000000,0x00000000ed278030,0x00000000ed280000)
  to   space 2560K, 0% used [0x00000000ed280000,0x00000000ed280000,0x00000000ed500000)
 ParOldGen       total 40960K, used 6639K [0x00000000c4200000, 0x00000000c6a00000, 0x00000000ec100000)
  object space 40960K, 16% used [0x00000000c4200000,0x00000000c487bc58,0x00000000c6a00000)
 Metaspace       used 20134K, capacity 21248K, committed 21296K, reserved 1067008K
  class space    used 2853K, capacity 3089K, committed 3120K, reserved 1048576K
Event: 17,595 GC heap after
Heap after GC invocations=4 (full 0):
 PSYoungGen      total 17920K, used 2528K [0x00000000ec100000, 0x00000000ed500000, 0x0000000100000000)
  eden space 15360K, 0% used [0x00000000ec100000,0x00000000ec100000,0x00000000ed000000)
  from space 2560K, 98% used [0x00000000ed280000,0x00000000ed4f8030,0x00000000ed500000)
  to   space 2560K, 0% used [0x00000000ed000000,0x00000000ed000000,0x00000000ed280000)
 ParOldGen       total 40960K, used 7135K [0x00000000c4200000, 0x00000000c6a00000, 0x00000000ec100000)
  object space 40960K, 17% used [0x00000000c4200000,0x00000000c48f7ec8,0x00000000c6a00000)
 Metaspace       used 20134K, capacity 21248K, committed 21296K, reserved 1067008K
  class space    used 2853K, capacity 3089K, committed 3120K, reserved 1048576K
}
Event: 17,595 GC heap before
{Heap before GC invocations=5 (full 1):
 PSYoungGen      total 17920K, used 2528K [0x00000000ec100000, 0x00000000ed500000, 0x0000000100000000)
  eden space 15360K, 0% used [0x00000000ec100000,0x00000000ec100000,0x00000000ed000000)
  from space 2560K, 98% used [0x00000000ed280000,0x00000000ed4f8030,0x00000000ed500000)
  to   space 2560K, 0% used [0x00000000ed000000,0x00000000ed000000,0x00000000ed280000)
 ParOldGen       total 40960K, used 7135K [0x00000000c4200000, 0x00000000c6a00000, 0x00000000ec100000)
  object space 40960K, 17% used [0x00000000c4200000,0x00000000c48f7ec8,0x00000000c6a00000)
 Metaspace       used 20134K, capacity 21248K, committed 21296K, reserved 1067008K
  class space    used 2853K, capacity 3089K, committed 3120K, reserved 1048576K
Event: 17,744 GC heap after
Heap after GC invocations=5 (full 1):
 PSYoungGen      total 17920K, used 0K [0x00000000ec100000, 0x00000000ed500000, 0x0000000100000000)
  eden space 15360K, 0% used [0x00000000ec100000,0x00000000ec100000,0x00000000ed000000)
  from space 2560K, 0% used [0x00000000ed280000,0x00000000ed280000,0x00000000ed500000)
  to   space 2560K, 0% used [0x00000000ed000000,0x00000000ed000000,0x00000000ed280000)
 ParOldGen       total 39424K, used 9185K [0x00000000c4200000, 0x00000000c6880000, 0x00000000ec100000)
  object space 39424K, 23% used [0x00000000c4200000,0x00000000c4af8748,0x00000000c6880000)
 Metaspace       used 20134K, capacity 21248K, committed 21296K, reserved 1067008K
  class space    used 2853K, capacity 3089K, committed 3120K, reserved 1048576K
}

